<?xml version="1.0" encoding="UTF-8"?>
<testsuite name="DetailMyWorldTest" tests="10" skipped="0" failures="0" errors="0" timestamp="2020-12-14T19:16:48" hostname="Jamesley-Macbook.local" time="0.291">
  <properties/>
  <testcase name="input00()" classname="DetailMyWorldTest" time="0.007"/>
  <testcase name="input01()" classname="DetailMyWorldTest" time="0.003"/>
  <testcase name="input02()" classname="DetailMyWorldTest" time="0.008"/>
  <testcase name="input03()" classname="DetailMyWorldTest" time="0.01"/>
  <testcase name="input04()" classname="DetailMyWorldTest" time="0.017"/>
  <testcase name="input05()" classname="DetailMyWorldTest" time="0.025"/>
  <testcase name="input06()" classname="DetailMyWorldTest" time="0.029"/>
  <testcase name="input07()" classname="DetailMyWorldTest" time="0.044"/>
  <testcase name="input08()" classname="DetailMyWorldTest" time="0.05"/>
  <testcase name="input09()" classname="DetailMyWorldTest" time="0.093"/>
  <system-out><![CDATA[]]></system-out>
  <system-err><![CDATA[]]></system-err>
</testsuite>
