<?xml version="1.0" encoding="UTF-8"?>
<testsuite name="DetailMyWorldTest" tests="10" skipped="0" failures="0" errors="0" timestamp="2020-12-15T02:59:20" hostname="Jamesley-Macbook.local" time="0.46">
  <properties/>
  <testcase name="input00()" classname="DetailMyWorldTest" time="0.008"/>
  <testcase name="input01()" classname="DetailMyWorldTest" time="0.003"/>
  <testcase name="input02()" classname="DetailMyWorldTest" time="0.008"/>
  <testcase name="input03()" classname="DetailMyWorldTest" time="0.013"/>
  <testcase name="input04()" classname="DetailMyWorldTest" time="0.024"/>
  <testcase name="input05()" classname="DetailMyWorldTest" time="0.045"/>
  <testcase name="input06()" classname="DetailMyWorldTest" time="0.061"/>
  <testcase name="input07()" classname="DetailMyWorldTest" time="0.118"/>
  <testcase name="input08()" classname="DetailMyWorldTest" time="0.08"/>
  <testcase name="input09()" classname="DetailMyWorldTest" time="0.092"/>
  <system-out><![CDATA[]]></system-out>
  <system-err><![CDATA[]]></system-err>
</testsuite>
