<?xml version="1.0" encoding="UTF-8"?>
<testsuite name="KthSmallestElementTest" tests="9" skipped="0" failures="0" errors="0" timestamp="2020-12-15T19:21:26" hostname="Jamesley-Macbook.local" time="0.067">
  <properties/>
  <testcase name="inputsValidity()" classname="KthSmallestElementTest" time="0.003"/>
  <testcase name="complexMatrix()" classname="KthSmallestElementTest" time="0.001"/>
  <testcase name="simpleSquareShape()" classname="KthSmallestElementTest" time="0.001"/>
  <testcase name="simpleRectangleShape()" classname="KthSmallestElementTest" time="0.001"/>
  <testcase name="input00()" classname="KthSmallestElementTest" time="0.003"/>
  <testcase name="input01()" classname="KthSmallestElementTest" time="0.003"/>
  <testcase name="input02()" classname="KthSmallestElementTest" time="0.006"/>
  <testcase name="input03()" classname="KthSmallestElementTest" time="0.018"/>
  <testcase name="input04()" classname="KthSmallestElementTest" time="0.028"/>
  <system-out><![CDATA[]]></system-out>
  <system-err><![CDATA[]]></system-err>
</testsuite>
