<?xml version="1.0" encoding="UTF-8"?>
<testsuite name="MazeTest" tests="11" skipped="0" failures="0" errors="0" timestamp="2020-12-14T20:59:25" hostname="Jamesley-Macbook.local" time="3.211">
  <properties/>
  <testcase name="inputsValidity()" classname="MazeTest" time="0.001"/>
  <testcase name="input00()" classname="MazeTest" time="0.014"/>
  <testcase name="input01()" classname="MazeTest" time="0.01"/>
  <testcase name="input02()" classname="MazeTest" time="0.018"/>
  <testcase name="input03()" classname="MazeTest" time="0.016"/>
  <testcase name="input04()" classname="MazeTest" time="0.048"/>
  <testcase name="input05()" classname="MazeTest" time="0.052"/>
  <testcase name="input06()" classname="MazeTest" time="0.115"/>
  <testcase name="input07()" classname="MazeTest" time="0.097"/>
  <testcase name="input08()" classname="MazeTest" time="0.644"/>
  <testcase name="input09()" classname="MazeTest" time="2.187"/>
  <system-out><![CDATA[]]></system-out>
  <system-err><![CDATA[]]></system-err>
</testsuite>
